<?xml version="1.0" encoding="UTF-8"?>
<coverage generated="1622345508227" clover="3.2.0">
  <project timestamp="1622345508228" name="All files">
    <metrics statements="30" coveredstatements="30" conditionals="8" coveredconditionals="0" methods="14" coveredmethods="14" elements="52" coveredelements="44" complexity="0" loc="30" ncloc="30" packages="1" files="4" classes="4"/>
    <file name="Employee.js" path="/Users/arnaut/UCB-bootcamp/team-profile-generator/lib/Employee.js">
      <metrics statements="9" coveredstatements="9" conditionals="2" coveredconditionals="0" methods="5" coveredmethods="5"/>
      <line num="3" count="4" type="stmt"/>
      <line num="4" count="4" type="stmt"/>
      <line num="5" count="4" type="stmt"/>
      <line num="6" count="4" type="stmt"/>
      <line num="10" count="1" type="stmt"/>
      <line num="14" count="2" type="stmt"/>
      <line num="18" count="2" type="stmt"/>
      <line num="22" count="1" type="stmt"/>
      <line num="27" count="4" type="stmt"/>
    </file>
    <file name="Engineer.js" path="/Users/arnaut/UCB-bootcamp/team-profile-generator/lib/Engineer.js">
      <metrics statements="7" coveredstatements="7" conditionals="2" coveredconditionals="0" methods="3" coveredmethods="3"/>
      <line num="1" count="1" type="stmt"/>
      <line num="5" count="1" type="stmt"/>
      <line num="6" count="1" type="stmt"/>
      <line num="7" count="1" type="stmt"/>
      <line num="11" count="1" type="stmt"/>
      <line num="19" count="1" type="stmt"/>
      <line num="23" count="1" type="stmt"/>
    </file>
    <file name="Intern.js" path="/Users/arnaut/UCB-bootcamp/team-profile-generator/lib/Intern.js">
      <metrics statements="7" coveredstatements="7" conditionals="2" coveredconditionals="0" methods="3" coveredmethods="3"/>
      <line num="1" count="1" type="stmt"/>
      <line num="5" count="1" type="stmt"/>
      <line num="6" count="1" type="stmt"/>
      <line num="7" count="1" type="stmt"/>
      <line num="11" count="1" type="stmt"/>
      <line num="19" count="1" type="stmt"/>
      <line num="23" count="1" type="stmt"/>
    </file>
    <file name="Manager.js" path="/Users/arnaut/UCB-bootcamp/team-profile-generator/lib/Manager.js">
      <metrics statements="7" coveredstatements="7" conditionals="2" coveredconditionals="0" methods="3" coveredmethods="3"/>
      <line num="1" count="1" type="stmt"/>
      <line num="5" count="1" type="stmt"/>
      <line num="6" count="1" type="stmt"/>
      <line num="7" count="1" type="stmt"/>
      <line num="11" count="1" type="stmt"/>
      <line num="19" count="1" type="stmt"/>
      <line num="23" count="1" type="stmt"/>
    </file>
  </project>
</coverage>
